<?xml version="1.0" encoding="UTF-8"?>
<testsuite name="com.sample.character.viewmodel.SimpsonsHomeViewModelImplTest" tests="1" skipped="0" failures="0" errors="0" timestamp="2023-05-23T18:08:59" hostname="C02Y41V2JGH5" time="1.489">
  <properties/>
  <testcase name="whenGetDataThenGetDataIsCalledOnRepo" classname="com.sample.character.viewmodel.SimpsonsHomeViewModelImplTest" time="1.489"/>
  <system-out><![CDATA[]]></system-out>
  <system-err><![CDATA[]]></system-err>
</testsuite>
